<?xml version="1.0" encoding="UTF-8"?>
<!-- Generated by org.testng.reporters.JUnitXMLReporter -->
<testsuite hostname="LAPTOP-4P252GTC" ignored="0" name="Test" tests="3" failures="0" timestamp="2021-03-25T12:10:06 EET" time="64.008" errors="0">
  <testcase name="Search" time="9.561" classname="tests.E2ETest"/>
  <testcase name="selectHotelFromDiscover" time="30.803" classname="tests.E2ETest"/>
  <testcase name="hotelFilteration" time="23.59" classname="tests.E2ETest"/>
</testsuite> <!-- Test -->
