<?xml version="1.0" encoding="UTF-8"?>
<!-- Generated by org.testng.reporters.JUnitXMLReporter -->
<testsuite hostname="LAPTOP-4P252GTC" ignored="0" name="E2ETest" tests="3" failures="0" timestamp="2021-03-25T11:58:52 EET" time="187.2" errors="0">
  <testcase name="Search" time="143.105" classname="tests.E2ETest"/>
  <testcase name="selectHotelFromDiscover" time="20.007" classname="tests.E2ETest"/>
  <testcase name="hotelFilteration" time="24.064" classname="tests.E2ETest"/>
</testsuite> <!-- E2ETest -->
